<?xml version="1.0" encoding="UTF-8"?>
<!-- Generated by org.testng.reporters.JUnitReportReporter -->
<testsuite hostname="DIN80003903" name="com.seleniumdemo.phptravels.LoginTest" tests="1" failures="0" timestamp="8 Jan 2020 09:42:59 GMT" time="28.675" errors="0">
  <testcase name="loginTest" time="28.675" classname="com.seleniumdemo.phptravels.LoginTest"/>
</testsuite> <!-- com.seleniumdemo.phptravels.LoginTest -->
