<?xml version="1.0" encoding="UTF-8"?>
<!-- Generated by org.testng.reporters.JUnitReportReporter -->
<testsuite hostname="DIN80003903" name="com.shashi.phptravels.LoginTest" tests="1" failures="0" timestamp="10 Jan 2020 10:11:35 GMT" time="37.854" errors="0">
  <testcase name="loginTest" time="37.854" classname="com.shashi.phptravels.LoginTest"/>
</testsuite> <!-- com.shashi.phptravels.LoginTest -->
