<?xml version="1.0" encoding="UTF-8"?>
<!-- Generated by org.testng.reporters.JUnitReportReporter -->
<testsuite skipped="0" hostname="MrShash" name="com.shashi.phptravels.LoginTest" tests="1" failures="0" timestamp="11 Jan 2020 12:50:59 GMT" time="49.585" errors="0">
  <testcase name="loginTest" time="49.585" classname="com.shashi.phptravels.LoginTest"/>
</testsuite> <!-- com.shashi.phptravels.LoginTest -->
