<?xml version="1.0" encoding="UTF-8"?>
<!-- Generated by org.testng.reporters.JUnitReportReporter -->
<testsuite skipped="0" hostname="MrShash" name="com.shashi.phptravels.SignUpTest" tests="1" failures="0" timestamp="11 Jan 2020 12:45:32 GMT" time="52.939" errors="0">
  <testcase name="signUpTest" time="52.939" classname="com.shashi.phptravels.SignUpTest"/>
</testsuite> <!-- com.shashi.phptravels.SignUpTest -->
